<?xml version="1.0" encoding="UTF-8"?>
<!-- Generated by org.testng.reporters.JUnitXMLReporter -->
<testsuite hostname="Its-me-Apoorv" ignored="0" name="paymentRequests" tests="1" failures="0" timestamp="28 May 2018 11:52:49 GMT" time="0.033" errors="0">
  <testcase name="@BeforeMethod preCondition" time="0.0" classname="generic.BaseLib">
    <failure type="org.testng.TestNGException" message="
Parameter &amp;apos;browser&amp;apos; is required by BeforeMethod on method preCondition but has not been marked @Optional or defined
in D:\workspace\Helloparent\paymentRequests.xml">
      <![CDATA[org.testng.TestNGException: 
Parameter 'browser' is required by BeforeMethod on method preCondition but has not been marked @Optional or defined
in D:\workspace\Helloparent\paymentRequests.xml
... Removed 25 stack frames]]>
    </failure>
  </testcase> <!-- @BeforeMethod preCondition -->
  <testcase name="@AfterMethod postCondition" time="0.0" classname="generic.BaseLib">
    <skipped/>
  </testcase> <!-- @AfterMethod postCondition -->
  <testcase name="createNew" time="0.0" classname="scripts.paymentRequests">
    <skipped/>
  </testcase> <!-- createNew -->
</testsuite> <!-- paymentRequests -->
